1706544384048:all
1706544454227:printAll
1706544515252:all
1706544519022:printAll
1706544561468:all
1706544880748:n --n ADS --ln ADSAD --a 12 --f ADasdas
1706544933514:n --n asda --ln asdads --a 123 --f sadsad
1706544997326:n --n asdasd --ln asdasd --a 123
1706545008450:n --n asdasd --ln asdasd --a 123 --f asdasd
1706545063921:p
1706545405749:n --n asdasd --ln asdasd --a 123 --f asdasd
1706545411833:all
1706545412799:a
1706545417376:p
1706545429364:r --id 579c47c-85ad-4918-ab82-fb20dceeec67
1706545450600:n --n asdasd --ln asdasd --a 123 --f asdasd
1706545452660:p
1706545462399:r --id 894a9033-8744-4c3e-99a3-518b694fe03b
1706545477992:p
1706550724888:a
1706550726439:all
1706550727954:p
1706580712551:a
1706580713509:p
1706582902546:sad
1706584552030:p
1706631661803:n --n AAA --ln AAA --a 33
1706631731955:p
1706631820584:n --n AAA --ln AAA --a 33
1706632386959:n --n AAA --ln AAA --a 13
1706632414875:p
1706632430701:r --id e1ba6189-23fd-4acf-9526-f2faad1f4c3c
1706632561481:r --id 12312312
1706632571435:p
1706632581391:e --id e1ba6189-23fd-4acf-9526-f2faad1f4c3d
1706632590884:r  --id e1ba6189-23fd-4acf-9526-f2faad1f4c3d
1706635100442:p
